
C:\Users\ajaya\OneDrive\Desktop\Files\PCL\build-cmake\Release\pcl_segmentation.dll
C:\Users\ajaya\OneDrive\Desktop\Files\PCL\build-cmake\Release\pcl_ml.dll
C:\Users\ajaya\OneDrive\Desktop\Files\PCL\build-cmake\Release\pcl_features.dll
C:\Users\ajaya\OneDrive\Desktop\Files\PCL\build-cmake\Release\pcl_filters.dll
C:\Users\ajaya\OneDrive\Desktop\Files\PCL\build-cmake\Release\pcl_sample_consensus.dll
C:\Users\ajaya\OneDrive\Desktop\Files\PCL\build-cmake\Release\pcl_common.dll
C:\Users\ajaya\OneDrive\Desktop\Files\PCL\build-cmake\Release\pcl_search.dll
C:\Users\ajaya\OneDrive\Desktop\Files\PCL\build-cmake\Release\pcl_octree.dll
C:\Users\ajaya\OneDrive\Desktop\Files\PCL\build-cmake\Release\pcl_kdtree.dll
C:\Users\ajaya\OneDrive\Desktop\Files\PCL\build-cmake\Release\lz4.dll
C:\Users\ajaya\OneDrive\Desktop\Files\PCL\build-cmake\Release\pcl_recognition.dll
C:\Users\ajaya\OneDrive\Desktop\Files\PCL\build-cmake\Release\pcl_io.dll
C:\Users\ajaya\OneDrive\Desktop\Files\PCL\build-cmake\Release\boost_iostreams-vc142-mt-x64-1_85.dll
C:\Users\ajaya\OneDrive\Desktop\Files\PCL\build-cmake\Release\zlib1.dll
C:\Users\ajaya\OneDrive\Desktop\Files\PCL\build-cmake\Release\bz2.dll
C:\Users\ajaya\OneDrive\Desktop\Files\PCL\build-cmake\Release\liblzma.dll
C:\Users\ajaya\OneDrive\Desktop\Files\PCL\build-cmake\Release\zstd.dll
C:\Users\ajaya\OneDrive\Desktop\Files\PCL\build-cmake\Release\pcl_io_ply.dll
C:\Users\ajaya\OneDrive\Desktop\Files\PCL\build-cmake\Release\boost_filesystem-vc142-mt-x64-1_85.dll
C:\Users\ajaya\OneDrive\Desktop\Files\PCL\build-cmake\Release\libpng16.dll
C:\Users\ajaya\OneDrive\Desktop\Files\PCL\build-cmake\Release\pcl_registration.dll
